<?xml version="1.0" encoding="UTF-8"?>
<testsuite name="Test" tests="1" skipped="0" failures="0" errors="0" timestamp="2021-08-14T11:56:26" hostname="Rishikeshs-MacBook-Air.local" time="0.045">
  <properties/>
  <testcase name="name()" classname="Test" time="0.045"/>
  <system-out><![CDATA[]]></system-out>
  <system-err><![CDATA[]]></system-err>
</testsuite>
