<?xml version="1.0" encoding="UTF-8"?>
<testsuite name="LibraryTest" tests="4" skipped="0" failures="0" errors="0" timestamp="2021-08-17T20:16:08" hostname="Rishikeshs-MacBook-Air.local" time="0.009">
  <properties/>
  <testcase name="shouldUpdateBookCountInLibrary()" classname="LibraryTest" time="0.001"/>
  <testcase name="shouldRemoveBookFromLibraryIfThereIsOnlyOneCopy()" classname="LibraryTest" time="0.001"/>
  <testcase name="shouldGetBooksInLibrary()" classname="LibraryTest" time="0.001"/>
  <testcase name="shouldGetNoBooksInEmptyLibrary()" classname="LibraryTest" time="0.002"/>
  <system-out><![CDATA[]]></system-out>
  <system-err><![CDATA[]]></system-err>
</testsuite>
